<?xml version="1.0" encoding="UTF-8"?>
<testsuite xmlns:xsi="http://www.w3.org/2001/XMLSchema-instance" xsi:noNamespaceSchemaLocation="https://maven.apache.org/surefire/maven-surefire-plugin/xsd/surefire-test-report-3.0.xsd" version="3.0" name="com.modernodata.core.parser.StaxCsdlParserTest" time="0.05" tests="27" errors="0" skipped="0" failures="0">
  <properties>
[...]
</properties>
  <testcase name="tripPin_tripsContainsTarget" classname="com.modernodata.core.parser.StaxCsdlParserTest" time="0.005"/>
  <testcase name="tripPin_peopleEntitySetBindings" classname="com.modernodata.core.parser.StaxCsdlParserTest" time="0.001"/>
  <testcase name="tripPin_personNavigationProperties" classname="com.modernodata.core.parser.StaxCsdlParserTest" time="0.0"/>
  <testcase name="tripPin_schemaNamespace" classname="com.modernodata.core.parser.StaxCsdlParserTest" time="0.0"/>
  <testcase name="tripPin_parsedEntityTypes" classname="com.modernodata.core.parser.StaxCsdlParserTest" time="0.001"/>
  <testcase name="northwind_navigationBindings" classname="com.modernodata.core.parser.StaxCsdlParserTest" time="0.0"/>
  <testcase name="tripPin_container" classname="com.modernodata.core.parser.StaxCsdlParserTest" time="0.0"/>
  <testcase name="tripPin_functions" classname="com.modernodata.core.parser.StaxCsdlParserTest" time="0.0"/>
  <testcase name="tripPin_hasSingleSchema" classname="com.modernodata.core.parser.StaxCsdlParserTest" time="0.001"/>
  <testcase name="tripPin_boundAction" classname="com.modernodata.core.parser.StaxCsdlParserTest" time="0.0"/>
  <testcase name="tripPin_singletons" classname="com.modernodata.core.parser.StaxCsdlParserTest" time="0.0"/>
  <testcase name="tripPin_enumTypes" classname="com.modernodata.core.parser.StaxCsdlParserTest" time="0.0"/>
  <testcase name="tripPin_inheritance" classname="com.modernodata.core.parser.StaxCsdlParserTest" time="0.0"/>
  <testcase name="tripPin_actionImports" classname="com.modernodata.core.parser.StaxCsdlParserTest" time="0.0"/>
  <testcase name="northwind_parsedEntityTypes" classname="com.modernodata.core.parser.StaxCsdlParserTest" time="0.0"/>
  <testcase name="tripPin_actions" classname="com.modernodata.core.parser.StaxCsdlParserTest" time="0.001"/>
  <testcase name="tripPin_functionImports" classname="com.modernodata.core.parser.StaxCsdlParserTest" time="0.0"/>
  <testcase name="northwind_entitySets" classname="com.modernodata.core.parser.StaxCsdlParserTest" time="0.0"/>
  <testcase name="tripPin_boundFunction" classname="com.modernodata.core.parser.StaxCsdlParserTest" time="0.0"/>
  <testcase name="northwind_hasTwoSchemas" classname="com.modernodata.core.parser.StaxCsdlParserTest" time="0.0"/>
  <testcase name="tripPin_complexTypeInheritance" classname="com.modernodata.core.parser.StaxCsdlParserTest" time="0.001"/>
  <testcase name="tripPin_complexTypes" classname="com.modernodata.core.parser.StaxCsdlParserTest" time="0.0"/>
  <testcase name="tripPin_unboundFunction" classname="com.modernodata.core.parser.StaxCsdlParserTest" time="0.0"/>
  <testcase name="tripPin_personEntityType" classname="com.modernodata.core.parser.StaxCsdlParserTest" time="0.0"/>
  <testcase name="northwind_orderDetailCompositeKey" classname="com.modernodata.core.parser.StaxCsdlParserTest" time="0.0"/>
  <testcase name="tripPin_entitySets" classname="com.modernodata.core.parser.StaxCsdlParserTest" time="0.001"/>
  <testcase name="tripPin_personProperties" classname="com.modernodata.core.parser.StaxCsdlParserTest" time="0.0"/>
</testsuite>